<?xml version="1.0" encoding="UTF-8"?>
<!-- Generated by org.testng.reporters.JUnitXMLReporter -->
<testsuite ignored="0" hostname="LAPTOP-3MGAR2H8" failures="0" tests="2" name="firefoxtestTest" time="0.368" errors="0" timestamp="2021-08-03T15:17:30 IST">
  <testcase classname="test.testclass" name="@BeforeTest launchbrowser" time="0.207">
    <failure type="org.openqa.selenium.WebDriverException" message="Cannot find firefox binary in PATH. Make sure firefox is installed. OS appears to be: WIN10
Build info: version: &amp;apos;3.141.59&amp;apos;, revision: &amp;apos;e82be7d358&amp;apos;, time: &amp;apos;2018-11-14T08:25:53&amp;apos;
System info: host: &amp;apos;LAPTOP-3MGAR2H8&amp;apos;, ip: &amp;apos;192.168.0.102&amp;apos;, os.name: &amp;apos;Windows 10&amp;apos;, os.arch: &amp;apos;amd64&amp;apos;, os.version: &amp;apos;10.0&amp;apos;, java.version: &amp;apos;15.0.2&amp;apos;
Driver info: driver.version: FirefoxDriver">
      <![CDATA[org.openqa.selenium.WebDriverException: Cannot find firefox binary in PATH. Make sure firefox is installed. OS appears to be: WIN10
Build info: version: '3.141.59', revision: 'e82be7d358', time: '2018-11-14T08:25:53'
System info: host: 'LAPTOP-3MGAR2H8', ip: '192.168.0.102', os.name: 'Windows 10', os.arch: 'amd64', os.version: '10.0', java.version: '15.0.2'
Driver info: driver.version: FirefoxDriver
at org.openqa.selenium.firefox.FirefoxBinary.<init>(FirefoxBinary.java:100)
at java.base/java.util.Optional.orElseGet(Optional.java:362)
at org.openqa.selenium.firefox.FirefoxOptions.getBinary(FirefoxOptions.java:216)
at org.openqa.selenium.firefox.FirefoxDriver.toExecutor(FirefoxDriver.java:187)
at org.openqa.selenium.firefox.FirefoxDriver.<init>(FirefoxDriver.java:147)
at org.openqa.selenium.firefox.FirefoxDriver.<init>(FirefoxDriver.java:125)
at base.Base.openfirefoxbrowser(Base.java:17)
at test.testclass.launchbrowser(testclass.java:49)
... Removed 24 stack frames]]>
    </failure>
  </testcase> <!-- @BeforeTest launchbrowser -->
  <testcase classname="test.testclass" name="@BeforeClass maximize" time="-1.627984050615E9">
    <skipped/>
  </testcase> <!-- @BeforeClass maximize -->
  <testcase classname="test.testclass" name="@BeforeMethod loginto" time="-1.627984050651E9">
    <skipped/>
  </testcase> <!-- @BeforeMethod loginto -->
  <testcase classname="test.testclass" name="@AfterMethod beforemethod" time="-1.627984050672E9">
    <skipped/>
  </testcase> <!-- @AfterMethod beforemethod -->
  <testcase classname="test.testclass" name="@BeforeMethod loginto" time="-1.627984050678E9">
    <skipped/>
  </testcase> <!-- @BeforeMethod loginto -->
  <testcase classname="test.testclass" name="@AfterMethod beforemethod" time="-1.627984050686E9">
    <skipped/>
  </testcase> <!-- @AfterMethod beforemethod -->
  <testcase classname="test.testclass" name="@AfterClass afterclass" time="-1.627984050689E9">
    <skipped/>
  </testcase> <!-- @AfterClass afterclass -->
  <testcase classname="test.testclass" name="@AfterTest closedbrowser" time="-1.627984050692E9">
    <skipped/>
  </testcase> <!-- @AfterTest closedbrowser -->
  <testcase classname="test.testclass" name="testB" time="0.0">
    <skipped/>
  </testcase> <!-- testB -->
  <testcase classname="test.testclass" name="testA" time="0.0">
    <skipped/>
  </testcase> <!-- testA -->
</testsuite> <!-- firefoxtestTest -->
