<?xml version="1.0" encoding="UTF-8"?>
<testng-results ignored="0" total="2" passed="2" failed="0" skipped="0">
  <reporter-output>
  </reporter-output>
  <suite started-at="2021-08-04T20:31:00 IST" name="Suite" finished-at="2021-08-04T20:31:37 IST" duration-ms="37432">
    <groups>
    </groups>
    <test started-at="2021-08-04T20:31:00 IST" name="chrometest" finished-at="2021-08-04T20:31:37 IST" duration-ms="37432">
      <class name="test.testclass">
        <test-method is-config="true" signature="beforesuit()[pri:0, instance:test.testclass@2a54a73f]" started-at="2021-08-04T20:31:00 IST" name="beforesuit" finished-at="2021-08-04T20:31:00 IST" duration-ms="12" status="PASS">
          <reporter-output>
          </reporter-output>
        </test-method> <!-- beforesuit -->
        <test-method is-config="true" signature="launchbrowser(java.lang.String)[pri:0, instance:test.testclass@2a54a73f]" started-at="2021-08-04T20:31:00 IST" name="launchbrowser" finished-at="2021-08-04T20:31:02 IST" duration-ms="2464" status="PASS">
          <params>
            <param index="0">
              <value>
                <![CDATA[chrome]]>
              </value>
            </param>
          </params>
          <reporter-output>
          </reporter-output>
        </test-method> <!-- launchbrowser -->
        <test-method is-config="true" signature="maximize()[pri:0, instance:test.testclass@2a54a73f]" started-at="2021-08-04T20:31:02 IST" name="maximize" finished-at="2021-08-04T20:31:02 IST" duration-ms="36" status="PASS">
          <reporter-output>
          </reporter-output>
        </test-method> <!-- maximize -->
        <test-method is-config="true" signature="loginto()[pri:0, instance:test.testclass@2a54a73f]" started-at="2021-08-04T20:31:02 IST" name="loginto" finished-at="2021-08-04T20:31:17 IST" duration-ms="14647" status="PASS">
          <reporter-output>
          </reporter-output>
        </test-method> <!-- loginto -->
        <test-method signature="testB()[pri:1, instance:test.testclass@2a54a73f]" started-at="2021-08-04T20:31:17 IST" name="testB" finished-at="2021-08-04T20:31:25 IST" duration-ms="7913" status="PASS">
          <reporter-output>
          </reporter-output>
        </test-method> <!-- testB -->
        <test-method is-config="true" signature="beforemethod()[pri:0, instance:test.testclass@2a54a73f]" started-at="2021-08-04T20:31:25 IST" name="beforemethod" finished-at="2021-08-04T20:31:26 IST" duration-ms="992" status="PASS">
          <reporter-output>
          </reporter-output>
        </test-method> <!-- beforemethod -->
        <test-method is-config="true" signature="loginto()[pri:0, instance:test.testclass@2a54a73f]" started-at="2021-08-04T20:31:26 IST" name="loginto" finished-at="2021-08-04T20:31:30 IST" duration-ms="4078" status="PASS">
          <reporter-output>
          </reporter-output>
        </test-method> <!-- loginto -->
        <test-method signature="testA()[pri:2, instance:test.testclass@2a54a73f]" started-at="2021-08-04T20:31:30 IST" name="testA" finished-at="2021-08-04T20:31:35 IST" duration-ms="5144" status="PASS">
          <reporter-output>
          </reporter-output>
        </test-method> <!-- testA -->
        <test-method is-config="true" signature="beforemethod()[pri:0, instance:test.testclass@2a54a73f]" started-at="2021-08-04T20:31:35 IST" name="beforemethod" finished-at="2021-08-04T20:31:37 IST" duration-ms="1905" status="PASS">
          <reporter-output>
          </reporter-output>
        </test-method> <!-- beforemethod -->
        <test-method is-config="true" signature="afterclass()[pri:0, instance:test.testclass@2a54a73f]" started-at="2021-08-04T20:31:37 IST" name="afterclass" finished-at="2021-08-04T20:31:37 IST" duration-ms="1" status="PASS">
          <reporter-output>
          </reporter-output>
        </test-method> <!-- afterclass -->
        <test-method is-config="true" signature="closedbrowser()[pri:0, instance:test.testclass@2a54a73f]" started-at="2021-08-04T20:31:37 IST" name="closedbrowser" finished-at="2021-08-04T20:31:37 IST" duration-ms="209" status="PASS">
          <reporter-output>
          </reporter-output>
        </test-method> <!-- closedbrowser -->
        <test-method is-config="true" signature="aftersuit()[pri:0, instance:test.testclass@2a54a73f]" started-at="2021-08-04T20:31:37 IST" name="aftersuit" finished-at="2021-08-04T20:31:37 IST" duration-ms="0" status="PASS">
          <reporter-output>
          </reporter-output>
        </test-method> <!-- aftersuit -->
      </class> <!-- test.testclass -->
    </test> <!-- chrometest -->
  </suite> <!-- Suite -->
</testng-results>
